2026-04-18 19:15:40,589 - INFO - ================================================================================
2026-04-18 19:15:40,593 - INFO - ================================================================================
2026-04-18 19:15:40,595 - INFO - 
================================================================================
2026-04-18 19:15:40,595 - INFO - TIER 1 - SOURCES PRIMAIRES
2026-04-18 19:15:40,596 - INFO - ================================================================================
2026-04-18 19:15:41,572 - INFO - Page 1 récupérée
2026-04-18 19:15:43,574 - INFO - Dorar: 0 hadiths extraits
2026-04-18 19:15:43,726 - INFO - Page 2 récupérée
2026-04-18 19:15:45,727 - INFO - Dorar: 0 hadiths extraits
2026-04-18 19:15:45,869 - INFO - Page 3 récupérée
2026-04-18 19:15:47,871 - INFO - Dorar: 0 hadiths extraits
2026-04-18 19:15:48,015 - INFO - Page 4 récupérée
2026-04-18 19:15:50,016 - INFO - Dorar: 0 hadiths extraits
2026-04-18 19:15:50,167 - INFO - Page 5 récupérée
2026-04-18 19:15:52,175 - INFO - Dorar: 0 hadiths extraits
2026-04-18 19:15:52,324 - INFO - Page 6 récupérée
2026-04-18 19:15:54,325 - INFO - Dorar: 0 hadiths extraits
2026-04-18 19:15:54,466 - INFO - Page 7 récupérée
2026-04-18 19:15:56,467 - INFO - Dorar: 0 hadiths extraits
2026-04-18 19:15:56,612 - INFO - Page 8 récupérée
2026-04-18 19:15:58,613 - INFO - Dorar: 0 hadiths extraits
2026-04-18 19:15:58,754 - INFO - Page 9 récupérée
2026-04-18 19:16:00,756 - INFO - Dorar: 0 hadiths extraits
2026-04-18 19:16:00,905 - INFO - Page 10 récupérée
2026-04-18 19:16:02,916 - INFO - Dorar: 0 hadiths extraits
2026-04-18 19:16:03,075 - INFO - Page 11 récupérée
2026-04-18 19:16:05,076 - INFO - Dorar: 0 hadiths extraits
2026-04-18 19:16:05,269 - INFO - Page 12 récupérée
2026-04-18 19:16:07,270 - INFO - Dorar: 0 hadiths extraits
2026-04-18 19:16:07,421 - INFO - Page 13 récupérée
2026-04-18 19:16:09,422 - INFO - Dorar: 0 hadiths extraits
2026-04-18 19:16:09,577 - INFO - Page 14 récupérée
2026-04-18 19:16:11,578 - INFO - Dorar: 0 hadiths extraits
2026-04-18 19:16:11,745 - INFO - Page 15 récupérée
2026-04-18 19:16:13,746 - INFO - Dorar: 0 hadiths extraits
2026-04-18 19:16:13,891 - INFO - Page 16 récupérée
2026-04-18 19:16:15,891 - INFO - Dorar: 0 hadiths extraits
2026-04-18 19:16:16,048 - INFO - Page 17 récupérée
2026-04-18 19:16:18,050 - INFO - Dorar: 0 hadiths extraits
2026-04-18 19:16:18,205 - INFO - Page 18 récupérée
2026-04-18 19:16:20,206 - INFO - Dorar: 0 hadiths extraits
2026-04-18 19:16:20,371 - INFO - Page 19 récupérée
2026-04-18 19:16:22,372 - INFO - Dorar: 0 hadiths extraits
2026-04-18 19:16:22,537 - INFO - Page 20 récupérée
2026-04-18 19:16:24,539 - INFO - Dorar: 0 hadiths extraits
2026-04-18 19:16:24,698 - INFO - Page 21 récupérée
2026-04-18 19:16:26,700 - INFO - Dorar: 0 hadiths extraits
2026-04-18 19:16:26,851 - INFO - Page 22 récupérée
2026-04-18 19:16:28,851 - INFO - Dorar: 0 hadiths extraits
2026-04-18 19:16:29,032 - INFO - Page 23 récupérée
2026-04-18 19:16:31,033 - INFO - Dorar: 0 hadiths extraits
2026-04-18 19:16:31,177 - INFO - Page 24 récupérée
2026-04-18 19:16:33,178 - INFO - Dorar: 0 hadiths extraits
2026-04-18 19:16:33,383 - INFO - Page 25 récupérée
2026-04-18 19:16:35,384 - INFO - Dorar: 0 hadiths extraits
2026-04-18 19:16:35,530 - INFO - Page 26 récupérée
2026-04-18 19:16:37,532 - INFO - Dorar: 0 hadiths extraits
2026-04-18 19:16:37,672 - INFO - Page 27 récupérée
2026-04-18 19:16:39,674 - INFO - Dorar: 0 hadiths extraits
2026-04-18 19:16:39,808 - INFO - Page 28 récupérée
2026-04-18 19:16:41,809 - INFO - Dorar: 0 hadiths extraits
2026-04-18 19:16:41,996 - INFO - Page 29 récupérée
2026-04-18 19:16:43,998 - INFO - Dorar: 0 hadiths extraits
2026-04-18 19:16:44,136 - INFO - Page 30 récupérée
2026-04-18 19:16:46,139 - INFO - Dorar: 0 hadiths extraits
2026-04-18 19:16:46,296 - INFO - Page 31 récupérée
2026-04-18 19:16:48,298 - INFO - Dorar: 0 hadiths extraits
2026-04-18 19:16:48,469 - INFO - Page 32 récupérée
2026-04-18 19:16:50,471 - INFO - Dorar: 0 hadiths extraits
2026-04-18 19:16:50,612 - INFO - Page 33 récupérée
2026-04-18 19:16:52,614 - INFO - Dorar: 0 hadiths extraits
2026-04-18 19:16:52,778 - INFO - Page 34 récupérée
2026-04-18 19:16:54,779 - INFO - Dorar: 0 hadiths extraits
2026-04-18 19:16:54,934 - INFO - Page 35 récupérée
2026-04-18 19:16:56,936 - INFO - Dorar: 0 hadiths extraits
2026-04-18 19:16:57,119 - INFO - Page 36 récupérée
2026-04-18 19:16:59,120 - INFO - Dorar: 0 hadiths extraits
2026-04-18 19:16:59,269 - INFO - Page 37 récupérée
2026-04-18 19:17:01,269 - INFO - Dorar: 0 hadiths extraits
2026-04-18 19:17:01,422 - INFO - Page 38 récupérée
2026-04-18 19:17:03,424 - INFO - Dorar: 0 hadiths extraits
2026-04-18 19:17:03,628 - INFO - Page 39 récupérée
2026-04-18 19:17:05,632 - INFO - Dorar: 0 hadiths extraits
2026-04-18 19:17:05,770 - INFO - Page 40 récupérée
2026-04-18 19:17:07,771 - INFO - Dorar: 0 hadiths extraits
2026-04-18 19:17:07,932 - INFO - Page 41 récupérée
2026-04-18 19:17:09,933 - INFO - Dorar: 0 hadiths extraits
2026-04-18 19:17:10,078 - INFO - Page 42 récupérée
2026-04-18 19:17:12,082 - INFO - Dorar: 0 hadiths extraits
2026-04-18 19:17:12,352 - INFO - Page 43 récupérée
2026-04-18 19:17:14,353 - INFO - Dorar: 0 hadiths extraits
2026-04-18 19:17:14,493 - INFO - Page 44 récupérée
2026-04-18 19:17:16,494 - INFO - Dorar: 0 hadiths extraits
2026-04-18 19:17:16,676 - INFO - Page 45 récupérée
2026-04-18 19:17:18,677 - INFO - Dorar: 0 hadiths extraits
2026-04-18 19:17:18,825 - INFO - Page 46 récupérée
2026-04-18 19:17:20,826 - INFO - Dorar: 0 hadiths extraits
2026-04-18 19:17:20,974 - INFO - Page 47 récupérée
2026-04-18 19:17:22,978 - INFO - Dorar: 0 hadiths extraits
2026-04-18 19:17:23,122 - INFO - Page 48 récupérée
2026-04-18 19:17:25,123 - INFO - Dorar: 0 hadiths extraits
2026-04-18 19:17:25,335 - INFO - Page 49 récupérée
2026-04-18 19:17:27,339 - INFO - Dorar: 0 hadiths extraits
2026-04-18 19:17:27,496 - INFO - Page 50 récupérée
2026-04-18 19:17:29,497 - INFO - Dorar: 0 hadiths extraits
2026-04-18 19:17:29,720 - INFO - Page 51 récupérée
2026-04-18 19:17:31,721 - INFO - Dorar: 0 hadiths extraits
2026-04-18 19:17:31,884 - INFO - Page 52 récupérée
2026-04-18 19:17:33,885 - INFO - Dorar: 0 hadiths extraits
2026-04-18 19:17:34,042 - INFO - Page 53 récupérée
2026-04-18 19:17:36,046 - INFO - Dorar: 0 hadiths extraits
2026-04-18 19:17:36,240 - INFO - Page 54 récupérée
2026-04-18 19:17:38,243 - INFO - Dorar: 0 hadiths extraits
2026-04-18 19:17:38,407 - INFO - Page 55 récupérée
2026-04-18 19:17:40,409 - INFO - Dorar: 0 hadiths extraits
2026-04-18 19:17:40,570 - INFO - Page 56 récupérée
2026-04-18 19:17:42,573 - INFO - Dorar: 0 hadiths extraits
2026-04-18 19:17:42,719 - INFO - Page 57 récupérée
2026-04-18 19:17:44,723 - INFO - Dorar: 0 hadiths extraits
2026-04-18 19:17:44,866 - INFO - Page 58 récupérée
2026-04-18 19:17:46,878 - INFO - Dorar: 0 hadiths extraits
2026-04-18 19:17:47,082 - INFO - Page 59 récupérée
2026-04-18 19:17:49,083 - INFO - Dorar: 0 hadiths extraits
2026-04-18 19:17:49,213 - INFO - Page 60 récupérée
2026-04-18 19:17:51,226 - INFO - Dorar: 0 hadiths extraits
2026-04-18 19:17:51,407 - INFO - Page 61 récupérée
2026-04-18 19:17:53,408 - INFO - Dorar: 0 hadiths extraits
2026-04-18 19:17:53,659 - INFO - Page 62 récupérée
2026-04-18 19:17:55,661 - INFO - Dorar: 0 hadiths extraits
2026-04-18 19:17:55,797 - INFO - Page 63 récupérée
2026-04-18 19:17:57,805 - INFO - Dorar: 0 hadiths extraits
2026-04-18 19:17:57,972 - INFO - Page 64 récupérée
2026-04-18 19:17:59,974 - INFO - Dorar: 0 hadiths extraits
2026-04-18 19:18:00,119 - INFO - Page 65 récupérée
2026-04-18 19:18:02,130 - INFO - Dorar: 0 hadiths extraits
2026-04-18 19:18:02,318 - INFO - Page 66 récupérée
2026-04-18 19:18:04,320 - INFO - Dorar: 0 hadiths extraits
2026-04-18 19:18:04,467 - INFO - Page 67 récupérée
2026-04-18 19:18:06,469 - INFO - Dorar: 0 hadiths extraits
2026-04-18 19:18:06,640 - INFO - Page 68 récupérée
2026-04-18 19:18:08,641 - INFO - Dorar: 0 hadiths extraits
2026-04-18 19:18:08,790 - INFO - Page 69 récupérée
2026-04-18 19:18:10,792 - INFO - Dorar: 0 hadiths extraits
2026-04-18 19:18:10,944 - INFO - Page 70 récupérée
2026-04-18 19:18:12,950 - INFO - Dorar: 0 hadiths extraits
2026-04-18 19:18:13,130 - INFO - Page 71 récupérée
2026-04-18 19:18:15,131 - INFO - Dorar: 0 hadiths extraits
2026-04-18 19:18:15,333 - INFO - Page 72 récupérée
2026-04-18 19:18:17,334 - INFO - Dorar: 0 hadiths extraits
2026-04-18 19:18:17,498 - INFO - Page 73 récupérée
2026-04-18 19:18:19,499 - INFO - Dorar: 0 hadiths extraits
2026-04-18 19:18:19,670 - INFO - Page 74 récupérée
2026-04-18 19:18:21,671 - INFO - Dorar: 0 hadiths extraits
2026-04-18 19:18:21,838 - INFO - Page 75 récupérée
2026-04-18 19:18:23,840 - INFO - Dorar: 0 hadiths extraits
2026-04-18 19:18:23,980 - INFO - Page 76 récupérée
2026-04-18 19:18:25,981 - INFO - Dorar: 0 hadiths extraits
2026-04-18 19:18:26,158 - INFO - Page 77 récupérée
2026-04-18 19:18:28,159 - INFO - Dorar: 0 hadiths extraits
2026-04-18 19:18:28,324 - INFO - Page 78 récupérée
2026-04-18 19:18:30,328 - INFO - Dorar: 0 hadiths extraits
2026-04-18 19:18:30,488 - INFO - Page 79 récupérée
2026-04-18 19:18:32,489 - INFO - Dorar: 0 hadiths extraits
2026-04-18 19:18:32,676 - INFO - Page 80 récupérée
2026-04-18 19:18:34,686 - INFO - Dorar: 0 hadiths extraits
2026-04-18 19:18:34,877 - INFO - Page 81 récupérée
2026-04-18 19:18:36,879 - INFO - Dorar: 0 hadiths extraits
2026-04-18 19:18:37,056 - INFO - Page 82 récupérée
2026-04-18 19:18:39,057 - INFO - Dorar: 0 hadiths extraits
2026-04-18 19:18:39,213 - INFO - Page 83 récupérée
2026-04-18 19:18:41,215 - INFO - Dorar: 0 hadiths extraits
2026-04-18 19:18:41,391 - INFO - Page 84 récupérée
2026-04-18 19:18:43,392 - INFO - Dorar: 0 hadiths extraits
2026-04-18 19:18:43,569 - INFO - Page 85 récupérée
2026-04-18 19:18:45,570 - INFO - Dorar: 0 hadiths extraits
2026-04-18 19:18:45,739 - INFO - Page 86 récupérée
2026-04-18 19:18:47,741 - INFO - Dorar: 0 hadiths extraits
2026-04-18 19:18:47,923 - INFO - Page 87 récupérée
2026-04-18 19:18:49,925 - INFO - Dorar: 0 hadiths extraits
2026-04-18 19:18:50,071 - INFO - Page 88 récupérée
2026-04-18 19:18:52,073 - INFO - Dorar: 0 hadiths extraits
2026-04-18 19:18:52,229 - INFO - Page 89 récupérée
2026-04-18 19:18:54,239 - INFO - Dorar: 0 hadiths extraits
2026-04-18 19:18:54,402 - INFO - Page 90 récupérée
2026-04-18 19:18:56,412 - INFO - Dorar: 0 hadiths extraits
2026-04-18 19:18:56,646 - INFO - Page 91 récupérée
2026-04-18 19:18:58,647 - INFO - Dorar: 0 hadiths extraits
2026-04-18 19:18:58,794 - INFO - Page 92 récupérée
2026-04-18 19:19:00,795 - INFO - Dorar: 0 hadiths extraits
2026-04-18 19:19:00,949 - INFO - Page 93 récupérée
2026-04-18 19:19:02,950 - INFO - Dorar: 0 hadiths extraits
2026-04-18 19:19:03,097 - INFO - Page 94 récupérée
2026-04-18 19:19:05,098 - INFO - Dorar: 0 hadiths extraits
2026-04-18 19:19:05,232 - INFO - Page 95 récupérée
2026-04-18 19:19:07,240 - INFO - Dorar: 0 hadiths extraits
2026-04-18 19:19:07,386 - INFO - Page 96 récupérée
2026-04-18 19:19:09,387 - INFO - Dorar: 0 hadiths extraits
2026-04-18 19:19:09,524 - INFO - Page 97 récupérée
2026-04-18 19:19:11,540 - INFO - Dorar: 0 hadiths extraits
2026-04-18 19:19:11,693 - INFO - Page 98 récupérée
2026-04-18 19:19:13,694 - INFO - Dorar: 0 hadiths extraits
2026-04-18 19:19:13,859 - INFO - Page 99 récupérée
2026-04-18 19:19:15,864 - INFO - Dorar: 0 hadiths extraits
2026-04-18 19:19:16,035 - INFO - Page 100 récupérée
2026-04-18 19:19:18,036 - INFO - Dorar: 0 hadiths extraits
2026-04-18 19:19:18,219 - INFO - Page 101 récupérée
2026-04-18 19:19:20,220 - INFO - Dorar: 0 hadiths extraits
2026-04-18 19:19:20,377 - INFO - Page 102 récupérée
2026-04-18 19:19:22,381 - INFO - Dorar: 0 hadiths extraits
2026-04-18 19:19:22,543 - INFO - Page 103 récupérée
2026-04-18 19:19:24,543 - INFO - Dorar: 0 hadiths extraits
2026-04-18 19:19:24,740 - INFO - Page 104 récupérée
2026-04-18 19:19:26,741 - INFO - Dorar: 0 hadiths extraits
2026-04-18 19:19:26,882 - INFO - Page 105 récupérée
2026-04-18 19:19:28,897 - INFO - Dorar: 0 hadiths extraits
2026-04-18 19:19:29,047 - INFO - Page 106 récupérée
2026-04-18 19:19:31,052 - INFO - Dorar: 0 hadiths extraits
2026-04-18 19:19:31,210 - INFO - Page 107 récupérée
2026-04-18 19:19:33,211 - INFO - Dorar: 0 hadiths extraits
2026-04-18 19:19:33,355 - INFO - Page 108 récupérée
2026-04-18 19:19:35,365 - INFO - Dorar: 0 hadiths extraits
2026-04-18 19:19:35,514 - INFO - Page 109 récupérée
2026-04-18 19:19:37,515 - INFO - Dorar: 0 hadiths extraits
2026-04-18 19:19:37,673 - INFO - Page 110 récupérée
2026-04-18 19:19:39,679 - INFO - Dorar: 0 hadiths extraits
2026-04-18 19:19:39,822 - INFO - Page 111 récupérée
2026-04-18 19:19:41,823 - INFO - Dorar: 0 hadiths extraits
2026-04-18 19:19:41,995 - INFO - Page 112 récupérée
2026-04-18 19:19:43,997 - INFO - Dorar: 0 hadiths extraits
2026-04-18 19:19:44,205 - INFO - Page 113 récupérée
2026-04-18 19:19:46,207 - INFO - Dorar: 0 hadiths extraits
2026-04-18 19:19:46,332 - INFO - Page 114 récupérée
2026-04-18 19:19:48,347 - INFO - Dorar: 0 hadiths extraits
2026-04-18 19:19:48,489 - INFO - Page 115 récupérée
2026-04-18 19:19:50,490 - INFO - Dorar: 0 hadiths extraits
2026-04-18 19:19:50,693 - INFO - Page 116 récupérée
2026-04-18 19:19:52,695 - INFO - Dorar: 0 hadiths extraits
2026-04-18 19:19:52,911 - INFO - Page 117 récupérée
2026-04-18 19:19:54,914 - INFO - Dorar: 0 hadiths extraits
2026-04-18 19:19:55,080 - INFO - Page 118 récupérée
2026-04-18 19:19:57,082 - INFO - Dorar: 0 hadiths extraits
2026-04-18 19:19:57,234 - INFO - Page 119 récupérée
2026-04-18 19:19:59,235 - INFO - Dorar: 0 hadiths extraits
2026-04-18 19:19:59,399 - INFO - Page 120 récupérée
2026-04-18 19:20:01,402 - INFO - Dorar: 0 hadiths extraits
2026-04-18 19:20:01,552 - INFO - Page 121 récupérée
2026-04-18 19:20:03,553 - INFO - Dorar: 0 hadiths extraits
2026-04-18 19:20:03,739 - INFO - Page 122 récupérée
2026-04-18 19:20:05,740 - INFO - Dorar: 0 hadiths extraits
2026-04-18 19:20:05,872 - INFO - Page 123 récupérée
2026-04-18 19:20:07,873 - INFO - Dorar: 0 hadiths extraits
2026-04-18 19:20:08,027 - INFO - Page 124 récupérée
2026-04-18 19:20:10,027 - INFO - Dorar: 0 hadiths extraits
2026-04-18 19:20:10,178 - INFO - Page 125 récupérée
2026-04-18 19:20:12,179 - INFO - Dorar: 0 hadiths extraits
2026-04-18 19:20:12,331 - INFO - Page 126 récupérée
2026-04-18 19:20:14,333 - INFO - Dorar: 0 hadiths extraits
2026-04-18 19:20:14,476 - INFO - Page 127 récupérée
2026-04-18 19:20:16,477 - INFO - Dorar: 0 hadiths extraits
2026-04-18 19:20:16,625 - INFO - Page 128 récupérée
2026-04-18 19:20:18,628 - INFO - Dorar: 0 hadiths extraits
2026-04-18 19:20:18,806 - INFO - Page 129 récupérée
2026-04-18 19:20:20,807 - INFO - Dorar: 0 hadiths extraits
2026-04-18 19:20:20,952 - INFO - Page 130 récupérée
2026-04-18 19:20:22,953 - INFO - Dorar: 0 hadiths extraits
2026-04-18 19:20:23,085 - INFO - Page 131 récupérée
2026-04-18 19:20:25,089 - INFO - Dorar: 0 hadiths extraits
2026-04-18 19:20:25,233 - INFO - Page 132 récupérée
2026-04-18 19:20:27,248 - INFO - Dorar: 0 hadiths extraits
2026-04-18 19:20:27,432 - INFO - Page 133 récupérée
2026-04-18 19:20:29,436 - INFO - Dorar: 0 hadiths extraits
2026-04-18 19:20:29,580 - INFO - Page 134 récupérée
2026-04-18 19:20:31,584 - INFO - Dorar: 0 hadiths extraits
2026-04-18 19:20:31,745 - INFO - Page 135 récupérée
2026-04-18 19:20:33,747 - INFO - Dorar: 0 hadiths extraits
2026-04-18 19:20:33,943 - INFO - Page 136 récupérée
2026-04-18 19:20:35,947 - INFO - Dorar: 0 hadiths extraits
2026-04-18 19:20:36,351 - INFO - Page 137 récupérée
2026-04-18 19:20:38,352 - INFO - Dorar: 0 hadiths extraits
2026-04-18 19:20:38,511 - INFO - Page 138 récupérée
2026-04-18 19:20:40,512 - INFO - Dorar: 0 hadiths extraits
2026-04-18 19:20:40,721 - INFO - Page 139 récupérée
2026-04-18 19:20:42,725 - INFO - Dorar: 0 hadiths extraits
2026-04-18 19:20:42,868 - INFO - Page 140 récupérée
2026-04-18 19:20:44,877 - INFO - Dorar: 0 hadiths extraits
2026-04-18 19:20:45,021 - INFO - Page 141 récupérée
2026-04-18 19:20:47,023 - INFO - Dorar: 0 hadiths extraits
2026-04-18 19:20:47,216 - INFO - Page 142 récupérée
2026-04-18 19:20:49,225 - INFO - Dorar: 0 hadiths extraits
2026-04-18 19:20:49,385 - INFO - Page 143 récupérée
2026-04-18 19:20:51,387 - INFO - Dorar: 0 hadiths extraits
2026-04-18 19:20:51,678 - INFO - Page 144 récupérée
2026-04-18 19:20:53,684 - INFO - Dorar: 0 hadiths extraits
2026-04-18 19:20:53,855 - INFO - Page 145 récupérée
2026-04-18 19:20:55,857 - INFO - Dorar: 0 hadiths extraits
2026-04-18 19:20:56,023 - INFO - Page 146 récupérée
2026-04-18 19:20:58,024 - INFO - Dorar: 0 hadiths extraits
2026-04-18 19:20:58,163 - INFO - Page 147 récupérée
2026-04-18 19:21:00,165 - INFO - Dorar: 0 hadiths extraits
2026-04-18 19:21:00,340 - INFO - Page 148 récupérée
2026-04-18 19:21:02,342 - INFO - Dorar: 0 hadiths extraits
2026-04-18 19:21:02,486 - INFO - Page 149 récupérée
2026-04-18 19:21:04,492 - INFO - Dorar: 0 hadiths extraits
2026-04-18 19:21:04,634 - INFO - Page 150 récupérée
2026-04-18 19:21:06,642 - INFO - Dorar: 0 hadiths extraits
2026-04-18 19:21:06,833 - INFO - Page 151 récupérée
2026-04-18 19:21:08,838 - INFO - Dorar: 0 hadiths extraits
2026-04-18 19:21:08,989 - INFO - Page 152 récupérée
2026-04-18 19:21:10,990 - INFO - Dorar: 0 hadiths extraits
2026-04-18 19:21:11,134 - INFO - Page 153 récupérée
2026-04-18 19:21:13,134 - INFO - Dorar: 0 hadiths extraits
2026-04-18 19:21:13,292 - INFO - Page 154 récupérée
2026-04-18 19:21:15,293 - INFO - Dorar: 0 hadiths extraits
2026-04-18 19:21:15,458 - INFO - Page 155 récupérée
2026-04-18 19:21:17,460 - INFO - Dorar: 0 hadiths extraits
2026-04-18 19:21:17,598 - INFO - Page 156 récupérée
2026-04-18 19:21:19,599 - INFO - Dorar: 0 hadiths extraits
2026-04-18 19:21:19,751 - INFO - Page 157 récupérée
2026-04-18 19:21:21,751 - INFO - Dorar: 0 hadiths extraits
2026-04-18 19:21:21,903 - INFO - Page 158 récupérée
2026-04-18 19:21:23,904 - INFO - Dorar: 0 hadiths extraits
2026-04-18 19:21:24,055 - INFO - Page 159 récupérée
2026-04-18 19:21:26,056 - INFO - Dorar: 0 hadiths extraits
2026-04-18 19:21:26,205 - INFO - Page 160 récupérée
2026-04-18 19:21:28,207 - INFO - Dorar: 0 hadiths extraits
2026-04-18 19:21:28,350 - INFO - Page 161 récupérée
2026-04-18 19:21:30,351 - INFO - Dorar: 0 hadiths extraits
2026-04-18 19:21:30,489 - INFO - Page 162 récupérée
2026-04-18 19:21:32,490 - INFO - Dorar: 0 hadiths extraits
2026-04-18 19:21:32,649 - INFO - Page 163 récupérée
2026-04-18 19:21:34,651 - INFO - Dorar: 0 hadiths extraits
2026-04-18 19:21:34,806 - INFO - Page 164 récupérée
2026-04-18 19:21:36,807 - INFO - Dorar: 0 hadiths extraits
2026-04-18 19:21:36,964 - INFO - Page 165 récupérée
