2026-04-18 19:34:09,592 - DEMARRAGE DORAR WEB SCRAPER
2026-04-18 19:34:09,603 - Base actuelle: 87,337 hadiths
2026-04-18 19:34:09,603 - 
=== Scraping: البخاري ===
2026-04-18 19:34:10,549 - 
=== Scraping: مسلم ===
2026-04-18 19:34:11,660 - 
=== Scraping: الترمذي ===
2026-04-18 19:34:12,592 - 
=== Scraping: أبو داود ===
2026-04-18 19:34:13,675 - 
=== Scraping: النسائي ===
2026-04-18 19:34:14,749 - 
=== Scraping: ابن ماجه ===
2026-04-18 19:34:15,649 - 
=== Scraping: أحمد ===
2026-04-18 19:34:17,092 - 
=== Scraping: مالك ===
2026-04-18 19:34:18,391 - 
============================================================
2026-04-18 19:34:18,391 - RAPPORT FINAL DORAR SCRAPING
2026-04-18 19:34:18,392 - ============================================================
2026-04-18 19:34:18,392 - Hadiths importes: 0
2026-04-18 19:34:18,392 - Doublons evites: 0
2026-04-18 19:34:18,393 - Erreurs: 0
2026-04-18 19:34:18,400 - Base totale: 87,337 hadiths
2026-04-18 19:34:18,401 - ============================================================
