2026-04-18 19:26:34,860 - DEMARRAGE FAWAZ API HARVESTER
2026-04-18 19:26:34,870 - Base actuelle: 87,337 hadiths
2026-04-18 19:26:34,870 - 9 editions a harvester
2026-04-18 19:26:34,872 - 
============================================================
2026-04-18 19:26:34,872 - EDITION: ara-abudawud
2026-04-18 19:26:34,872 - ============================================================
2026-04-18 19:26:36,678 - Total hadiths dans cette edition: 0
2026-04-18 19:26:37,386 -   [1/7000] 0 importes, 0 doublons
2026-04-18 19:26:38,275 -   [2/7000] 0 importes, 0 doublons
2026-04-18 19:26:39,186 -   [3/7000] 0 importes, 0 doublons
2026-04-18 19:26:40,439 -   [4/7000] 0 importes, 0 doublons
2026-04-18 19:26:41,042 -   [5/7000] 0 importes, 0 doublons
2026-04-18 19:26:41,975 -   [6/7000] 0 importes, 0 doublons
2026-04-18 19:26:42,997 -   [7/7000] 0 importes, 0 doublons
2026-04-18 19:26:43,631 -   [8/7000] 0 importes, 0 doublons
2026-04-18 19:26:44,336 -   [9/7000] 0 importes, 0 doublons
2026-04-18 19:26:45,108 -   [10/7000] 0 importes, 0 doublons
2026-04-18 19:26:45,905 -   [11/7000] 0 importes, 0 doublons
2026-04-18 19:26:46,575 -   [12/7000] 0 importes, 0 doublons
2026-04-18 19:26:47,535 -   [13/7000] 0 importes, 0 doublons
2026-04-18 19:26:48,491 -   [14/7000] 0 importes, 0 doublons
2026-04-18 19:26:49,324 -   [15/7000] 0 importes, 0 doublons
2026-04-18 19:26:50,379 -   [16/7000] 0 importes, 0 doublons
2026-04-18 19:26:51,296 -   [17/7000] 0 importes, 0 doublons
2026-04-18 19:26:53,225 -   [18/7000] 0 importes, 0 doublons
2026-04-18 19:26:54,276 -   [19/7000] 0 importes, 0 doublons
2026-04-18 19:26:55,505 -   [20/7000] 0 importes, 0 doublons
2026-04-18 19:26:56,485 -   [21/7000] 0 importes, 0 doublons
2026-04-18 19:26:57,350 -   [22/7000] 0 importes, 0 doublons
2026-04-18 19:26:58,177 -   [23/7000] 0 importes, 0 doublons
2026-04-18 19:26:59,041 -   [24/7000] 0 importes, 0 doublons
2026-04-18 19:27:00,008 -   [25/7000] 0 importes, 0 doublons
2026-04-18 19:27:00,915 -   [26/7000] 0 importes, 0 doublons
2026-04-18 19:27:03,028 -   [27/7000] 0 importes, 0 doublons
2026-04-18 19:27:03,629 -   [28/7000] 0 importes, 0 doublons
2026-04-18 19:27:05,383 -   [29/7000] 0 importes, 0 doublons
2026-04-18 19:27:06,010 -   [30/7000] 0 importes, 0 doublons
2026-04-18 19:27:06,836 -   [31/7000] 0 importes, 0 doublons
2026-04-18 19:27:07,726 -   [32/7000] 0 importes, 0 doublons
2026-04-18 19:27:08,559 -   [33/7000] 0 importes, 0 doublons
2026-04-18 19:27:09,430 -   [34/7000] 0 importes, 0 doublons
2026-04-18 19:27:10,698 -   [35/7000] 0 importes, 0 doublons
2026-04-18 19:27:11,726 -   [36/7000] 0 importes, 0 doublons
2026-04-18 19:27:12,568 -   [37/7000] 0 importes, 0 doublons
2026-04-18 19:27:13,377 -   [38/7000] 0 importes, 0 doublons
2026-04-18 19:27:14,341 -   [39/7000] 0 importes, 0 doublons
2026-04-18 19:27:15,496 -   [40/7000] 0 importes, 0 doublons
2026-04-18 19:27:16,359 -   [41/7000] 0 importes, 0 doublons
2026-04-18 19:27:17,241 -   [42/7000] 0 importes, 0 doublons
2026-04-18 19:27:18,198 -   [43/7000] 0 importes, 0 doublons
2026-04-18 19:27:19,082 -   [44/7000] 0 importes, 0 doublons
2026-04-18 19:27:20,107 -   [45/7000] 0 importes, 0 doublons
2026-04-18 19:27:21,089 -   [46/7000] 0 importes, 0 doublons
2026-04-18 19:27:21,762 -   [47/7000] 0 importes, 0 doublons
2026-04-18 19:27:22,873 -   [48/7000] 0 importes, 0 doublons
2026-04-18 19:27:23,954 -   [49/7000] 0 importes, 0 doublons
2026-04-18 19:27:24,989 -   [50/7000] 0 importes, 0 doublons
2026-04-18 19:27:26,221 -   [51/7000] 0 importes, 0 doublons
2026-04-18 19:27:26,938 -   [52/7000] 0 importes, 0 doublons
2026-04-18 19:27:27,976 -   [53/7000] 0 importes, 0 doublons
2026-04-18 19:27:28,993 -   [54/7000] 0 importes, 0 doublons
2026-04-18 19:27:29,936 -   [55/7000] 0 importes, 0 doublons
2026-04-18 19:27:30,892 -   [56/7000] 0 importes, 0 doublons
2026-04-18 19:27:31,692 -   [57/7000] 0 importes, 0 doublons
2026-04-18 19:27:32,769 -   [58/7000] 0 importes, 0 doublons
2026-04-18 19:27:34,045 -   [59/7000] 0 importes, 0 doublons
2026-04-18 19:27:34,914 -   [60/7000] 0 importes, 0 doublons
2026-04-18 19:27:35,851 -   [61/7000] 0 importes, 0 doublons
2026-04-18 19:27:36,664 -   [62/7000] 0 importes, 0 doublons
2026-04-18 19:27:37,521 -   [63/7000] 0 importes, 0 doublons
2026-04-18 19:27:38,262 -   [64/7000] 0 importes, 0 doublons
2026-04-18 19:27:39,214 -   [65/7000] 0 importes, 0 doublons
2026-04-18 19:27:44,932 -   [66/7000] 0 importes, 0 doublons
2026-04-18 19:27:45,654 -   [67/7000] 0 importes, 0 doublons
2026-04-18 19:27:47,713 -   [68/7000] 0 importes, 0 doublons
2026-04-18 19:27:49,312 -   [69/7000] 0 importes, 0 doublons
2026-04-18 19:27:50,271 -   [70/7000] 0 importes, 0 doublons
2026-04-18 19:27:51,115 -   [71/7000] 0 importes, 0 doublons
2026-04-18 19:27:52,389 -   [72/7000] 0 importes, 0 doublons
2026-04-18 19:27:53,887 -   [73/7000] 0 importes, 0 doublons
2026-04-18 19:27:54,517 -   [74/7000] 0 importes, 0 doublons
2026-04-18 19:27:55,294 -   [75/7000] 0 importes, 0 doublons
2026-04-18 19:27:56,137 -   [76/7000] 0 importes, 0 doublons
2026-04-18 19:27:57,650 -   [77/7000] 0 importes, 0 doublons
2026-04-18 19:27:58,432 -   [78/7000] 0 importes, 0 doublons
2026-04-18 19:27:59,247 -   [79/7000] 0 importes, 0 doublons
2026-04-18 19:28:00,128 -   [80/7000] 0 importes, 0 doublons
2026-04-18 19:28:00,936 -   [81/7000] 0 importes, 0 doublons
2026-04-18 19:28:01,818 -   [82/7000] 0 importes, 0 doublons
2026-04-18 19:28:02,532 -   [83/7000] 0 importes, 0 doublons
2026-04-18 19:28:03,357 -   [84/7000] 0 importes, 0 doublons
2026-04-18 19:28:04,387 -   [85/7000] 0 importes, 0 doublons
2026-04-18 19:28:05,203 -   [86/7000] 0 importes, 0 doublons
2026-04-18 19:28:06,064 -   [87/7000] 0 importes, 0 doublons
2026-04-18 19:28:06,969 -   [88/7000] 0 importes, 0 doublons
2026-04-18 19:28:07,932 -   [89/7000] 0 importes, 0 doublons
2026-04-18 19:28:08,813 -   [90/7000] 0 importes, 0 doublons
2026-04-18 19:28:09,697 -   [91/7000] 0 importes, 0 doublons
2026-04-18 19:28:10,537 -   [92/7000] 0 importes, 0 doublons
2026-04-18 19:28:11,348 -   [93/7000] 0 importes, 0 doublons
2026-04-18 19:28:12,188 -   [94/7000] 0 importes, 0 doublons
2026-04-18 19:28:13,032 -   [95/7000] 0 importes, 0 doublons
2026-04-18 19:28:13,876 -   [96/7000] 0 importes, 0 doublons
2026-04-18 19:28:15,217 -   [97/7000] 0 importes, 0 doublons
2026-04-18 19:28:16,059 -   [98/7000] 0 importes, 0 doublons
2026-04-18 19:28:16,861 -   [99/7000] 0 importes, 0 doublons
2026-04-18 19:28:18,123 -   [100/7000] 0 importes, 0 doublons
2026-04-18 19:28:19,464 -   [101/7000] 0 importes, 0 doublons
2026-04-18 19:28:20,509 -   [102/7000] 0 importes, 0 doublons
2026-04-18 19:28:21,351 -   [103/7000] 0 importes, 0 doublons
2026-04-18 19:28:22,481 -   [104/7000] 0 importes, 0 doublons
2026-04-18 19:28:23,370 -   [105/7000] 0 importes, 0 doublons
2026-04-18 19:28:24,248 -   [106/7000] 0 importes, 0 doublons
2026-04-18 19:28:25,070 -   [107/7000] 0 importes, 0 doublons
2026-04-18 19:28:25,880 -   [108/7000] 0 importes, 0 doublons
2026-04-18 19:28:26,789 -   [109/7000] 0 importes, 0 doublons
2026-04-18 19:28:27,611 -   [110/7000] 0 importes, 0 doublons
2026-04-18 19:28:28,474 -   [111/7000] 0 importes, 0 doublons
2026-04-18 19:28:29,364 -   [112/7000] 0 importes, 0 doublons
2026-04-18 19:28:30,868 -   [113/7000] 0 importes, 0 doublons
2026-04-18 19:28:31,708 -   [114/7000] 0 importes, 0 doublons
2026-04-18 19:28:32,514 -   [115/7000] 0 importes, 0 doublons
2026-04-18 19:28:33,311 -   [116/7000] 0 importes, 0 doublons
2026-04-18 19:28:34,400 -   [117/7000] 0 importes, 0 doublons
2026-04-18 19:28:35,230 -   [118/7000] 0 importes, 0 doublons
2026-04-18 19:28:36,064 -   [119/7000] 0 importes, 0 doublons
2026-04-18 19:28:36,896 -   [120/7000] 0 importes, 0 doublons
2026-04-18 19:28:37,903 -   [121/7000] 0 importes, 0 doublons
2026-04-18 19:28:38,852 -   [122/7000] 0 importes, 0 doublons
2026-04-18 19:28:39,801 -   [123/7000] 0 importes, 0 doublons
2026-04-18 19:28:40,738 -   [124/7000] 0 importes, 0 doublons
2026-04-18 19:28:41,601 -   [125/7000] 0 importes, 0 doublons
2026-04-18 19:28:42,616 -   [126/7000] 0 importes, 0 doublons
2026-04-18 19:28:43,623 -   [127/7000] 0 importes, 0 doublons
2026-04-18 19:28:44,670 -   [128/7000] 0 importes, 0 doublons
2026-04-18 19:28:45,591 -   [129/7000] 0 importes, 0 doublons
2026-04-18 19:28:46,550 -   [130/7000] 0 importes, 0 doublons
2026-04-18 19:28:47,488 -   [131/7000] 0 importes, 0 doublons
2026-04-18 19:28:48,403 -   [132/7000] 0 importes, 0 doublons
2026-04-18 19:28:49,750 -   [133/7000] 0 importes, 0 doublons
2026-04-18 19:28:50,618 -   [134/7000] 0 importes, 0 doublons
2026-04-18 19:28:51,488 -   [135/7000] 0 importes, 0 doublons
2026-04-18 19:28:52,416 -   [136/7000] 0 importes, 0 doublons
2026-04-18 19:28:53,309 -   [137/7000] 0 importes, 0 doublons
2026-04-18 19:28:54,182 -   [138/7000] 0 importes, 0 doublons
2026-04-18 19:28:55,130 -   [139/7000] 0 importes, 0 doublons
2026-04-18 19:28:56,089 -   [140/7000] 0 importes, 0 doublons
2026-04-18 19:28:57,119 -   [141/7000] 0 importes, 0 doublons
2026-04-18 19:28:58,017 -   [142/7000] 0 importes, 0 doublons
2026-04-18 19:28:58,944 -   [143/7000] 0 importes, 0 doublons
2026-04-18 19:28:59,862 -   [144/7000] 0 importes, 0 doublons
2026-04-18 19:29:00,752 -   [145/7000] 0 importes, 0 doublons
2026-04-18 19:29:01,701 -   [146/7000] 0 importes, 0 doublons
2026-04-18 19:29:02,589 -   [147/7000] 0 importes, 0 doublons
2026-04-18 19:29:03,622 -   [148/7000] 0 importes, 0 doublons
2026-04-18 19:29:04,602 -   [149/7000] 0 importes, 0 doublons
2026-04-18 19:29:05,482 -   [150/7000] 0 importes, 0 doublons
2026-04-18 19:29:06,801 -   [151/7000] 0 importes, 0 doublons
2026-04-18 19:29:07,652 -   [152/7000] 0 importes, 0 doublons
2026-04-18 19:29:09,021 -   [153/7000] 0 importes, 0 doublons
2026-04-18 19:29:09,980 -   [154/7000] 0 importes, 0 doublons
2026-04-18 19:29:10,862 -   [155/7000] 0 importes, 0 doublons
2026-04-18 19:29:11,889 -   [156/7000] 0 importes, 0 doublons
2026-04-18 19:29:12,998 -   [157/7000] 0 importes, 0 doublons
2026-04-18 19:29:14,072 -   [158/7000] 0 importes, 0 doublons
2026-04-18 19:29:14,998 -   [159/7000] 0 importes, 0 doublons
2026-04-18 19:29:15,878 -   [160/7000] 0 importes, 0 doublons
2026-04-18 19:29:16,633 -   [161/7000] 0 importes, 0 doublons
2026-04-18 19:29:17,545 -   [162/7000] 0 importes, 0 doublons
2026-04-18 19:29:18,328 -   [163/7000] 0 importes, 0 doublons
2026-04-18 19:29:19,218 -   [164/7000] 0 importes, 0 doublons
2026-04-18 19:29:20,134 -   [165/7000] 0 importes, 0 doublons
2026-04-18 19:29:20,994 -   [166/7000] 0 importes, 0 doublons
2026-04-18 19:29:21,867 -   [167/7000] 0 importes, 0 doublons
2026-04-18 19:29:22,722 -   [168/7000] 0 importes, 0 doublons
2026-04-18 19:29:23,578 -   [169/7000] 0 importes, 0 doublons
2026-04-18 19:29:24,518 -   [170/7000] 0 importes, 0 doublons
2026-04-18 19:29:25,479 -   [171/7000] 0 importes, 0 doublons
2026-04-18 19:29:26,307 -   [172/7000] 0 importes, 0 doublons
2026-04-18 19:29:27,176 -   [173/7000] 0 importes, 0 doublons
2026-04-18 19:29:28,034 -   [174/7000] 0 importes, 0 doublons
2026-04-18 19:29:28,889 -   [175/7000] 0 importes, 0 doublons
2026-04-18 19:29:29,769 -   [176/7000] 0 importes, 0 doublons
2026-04-18 19:29:30,713 -   [177/7000] 0 importes, 0 doublons
2026-04-18 19:29:31,480 -   [178/7000] 0 importes, 0 doublons
2026-04-18 19:29:32,449 -   [179/7000] 0 importes, 0 doublons
2026-04-18 19:29:33,574 -   [180/7000] 0 importes, 0 doublons
2026-04-18 19:29:34,807 -   [181/7000] 0 importes, 0 doublons
2026-04-18 19:29:35,749 -   [182/7000] 0 importes, 0 doublons
2026-04-18 19:29:36,629 -   [183/7000] 0 importes, 0 doublons
2026-04-18 19:29:37,477 -   [184/7000] 0 importes, 0 doublons
2026-04-18 19:29:38,287 -   [185/7000] 0 importes, 0 doublons
2026-04-18 19:29:39,122 -   [186/7000] 0 importes, 0 doublons
2026-04-18 19:29:40,539 -   [187/7000] 0 importes, 0 doublons
2026-04-18 19:29:41,530 -   [188/7000] 0 importes, 0 doublons
2026-04-18 19:29:42,409 -   [189/7000] 0 importes, 0 doublons
2026-04-18 19:29:43,129 -   [190/7000] 0 importes, 0 doublons
2026-04-18 19:29:44,378 -   [191/7000] 0 importes, 0 doublons
2026-04-18 19:29:45,310 -   [192/7000] 0 importes, 0 doublons
2026-04-18 19:29:46,091 -   [193/7000] 0 importes, 0 doublons
2026-04-18 19:29:46,624 -   [194/7000] 0 importes, 0 doublons
2026-04-18 19:29:47,529 -   [195/7000] 0 importes, 0 doublons
2026-04-18 19:29:48,324 -   [196/7000] 0 importes, 0 doublons
2026-04-18 19:29:49,223 -   [197/7000] 0 importes, 0 doublons
2026-04-18 19:29:50,119 -   [198/7000] 0 importes, 0 doublons
2026-04-18 19:29:51,014 -   [199/7000] 0 importes, 0 doublons
2026-04-18 19:29:52,144 -   [200/7000] 0 importes, 0 doublons
2026-04-18 19:29:53,561 -   [201/7000] 0 importes, 0 doublons
2026-04-18 19:29:54,439 -   [202/7000] 0 importes, 0 doublons
2026-04-18 19:29:55,291 -   [203/7000] 0 importes, 0 doublons
2026-04-18 19:29:56,128 -   [204/7000] 0 importes, 0 doublons
2026-04-18 19:29:57,064 -   [205/7000] 0 importes, 0 doublons
2026-04-18 19:29:57,954 -   [206/7000] 0 importes, 0 doublons
2026-04-18 19:29:58,872 -   [207/7000] 0 importes, 0 doublons
2026-04-18 19:29:59,676 -   [208/7000] 0 importes, 0 doublons
2026-04-18 19:30:00,366 -   [209/7000] 0 importes, 0 doublons
2026-04-18 19:30:01,463 -   [210/7000] 0 importes, 0 doublons
2026-04-18 19:30:02,399 -   [211/7000] 0 importes, 0 doublons
2026-04-18 19:30:03,309 -   [212/7000] 0 importes, 0 doublons
2026-04-18 19:30:04,249 -   [213/7000] 0 importes, 0 doublons
2026-04-18 19:30:05,116 -   [214/7000] 0 importes, 0 doublons
2026-04-18 19:30:05,981 -   [215/7000] 0 importes, 0 doublons
2026-04-18 19:30:07,040 -   [216/7000] 0 importes, 0 doublons
2026-04-18 19:30:07,952 -   [217/7000] 0 importes, 0 doublons
2026-04-18 19:30:08,798 -   [218/7000] 0 importes, 0 doublons
2026-04-18 19:30:09,641 -   [219/7000] 0 importes, 0 doublons
2026-04-18 19:30:10,716 -   [220/7000] 0 importes, 0 doublons
2026-04-18 19:30:11,664 -   [221/7000] 0 importes, 0 doublons
2026-04-18 19:30:12,693 -   [222/7000] 0 importes, 0 doublons
2026-04-18 19:30:13,710 -   [223/7000] 0 importes, 0 doublons
2026-04-18 19:30:14,559 -   [224/7000] 0 importes, 0 doublons
2026-04-18 19:30:15,403 -   [225/7000] 0 importes, 0 doublons
2026-04-18 19:30:16,283 -   [226/7000] 0 importes, 0 doublons
2026-04-18 19:30:17,162 -   [227/7000] 0 importes, 0 doublons
2026-04-18 19:30:18,041 -   [228/7000] 0 importes, 0 doublons
2026-04-18 19:30:18,973 -   [229/7000] 0 importes, 0 doublons
2026-04-18 19:30:19,815 -   [230/7000] 0 importes, 0 doublons
2026-04-18 19:30:20,636 -   [231/7000] 0 importes, 0 doublons
2026-04-18 19:30:21,487 -   [232/7000] 0 importes, 0 doublons
2026-04-18 19:30:22,576 -   [233/7000] 0 importes, 0 doublons
2026-04-18 19:30:23,424 -   [234/7000] 0 importes, 0 doublons
2026-04-18 19:30:24,186 -   [235/7000] 0 importes, 0 doublons
2026-04-18 19:30:25,113 -   [236/7000] 0 importes, 0 doublons
2026-04-18 19:30:25,988 -   [237/7000] 0 importes, 0 doublons
2026-04-18 19:30:26,985 -   [238/7000] 0 importes, 0 doublons
2026-04-18 19:30:27,814 -   [239/7000] 0 importes, 0 doublons
2026-04-18 19:30:28,791 -   [240/7000] 0 importes, 0 doublons
2026-04-18 19:30:29,678 -   [241/7000] 0 importes, 0 doublons
2026-04-18 19:30:30,653 -   [242/7000] 0 importes, 0 doublons
2026-04-18 19:30:31,342 -   [243/7000] 0 importes, 0 doublons
2026-04-18 19:30:32,344 -   [244/7000] 0 importes, 0 doublons
2026-04-18 19:30:33,200 -   [245/7000] 0 importes, 0 doublons
2026-04-18 19:30:34,111 -   [246/7000] 0 importes, 0 doublons
2026-04-18 19:30:34,970 -   [247/7000] 0 importes, 0 doublons
2026-04-18 19:30:35,860 -   [248/7000] 0 importes, 0 doublons
2026-04-18 19:30:36,845 -   [249/7000] 0 importes, 0 doublons
2026-04-18 19:30:37,758 -   [250/7000] 0 importes, 0 doublons
2026-04-18 19:30:38,972 -   [251/7000] 0 importes, 0 doublons
2026-04-18 19:30:39,706 -   [252/7000] 0 importes, 0 doublons
2026-04-18 19:30:40,574 -   [253/7000] 0 importes, 0 doublons
2026-04-18 19:30:41,494 -   [254/7000] 0 importes, 0 doublons
2026-04-18 19:30:42,243 -   [255/7000] 0 importes, 0 doublons
2026-04-18 19:30:43,029 -   [256/7000] 0 importes, 0 doublons
2026-04-18 19:30:43,889 -   [257/7000] 0 importes, 0 doublons
2026-04-18 19:30:44,704 -   [258/7000] 0 importes, 0 doublons
2026-04-18 19:30:45,489 -   [259/7000] 0 importes, 0 doublons
2026-04-18 19:30:46,288 -   [260/7000] 0 importes, 0 doublons
2026-04-18 19:30:47,177 -   [261/7000] 0 importes, 0 doublons
2026-04-18 19:30:47,991 -   [262/7000] 0 importes, 0 doublons
2026-04-18 19:30:48,797 -   [263/7000] 0 importes, 0 doublons
2026-04-18 19:30:49,501 -   [264/7000] 0 importes, 0 doublons
2026-04-18 19:30:50,381 -   [265/7000] 0 importes, 0 doublons
2026-04-18 19:30:51,251 -   [266/7000] 0 importes, 0 doublons
2026-04-18 19:30:52,080 -   [267/7000] 0 importes, 0 doublons
2026-04-18 19:30:52,927 -   [268/7000] 0 importes, 0 doublons
2026-04-18 19:30:53,800 -   [269/7000] 0 importes, 0 doublons
2026-04-18 19:30:54,651 -   [270/7000] 0 importes, 0 doublons
2026-04-18 19:30:55,451 -   [271/7000] 0 importes, 0 doublons
2026-04-18 19:30:56,368 -   [272/7000] 0 importes, 0 doublons
2026-04-18 19:30:57,183 -   [273/7000] 0 importes, 0 doublons
2026-04-18 19:30:57,792 -   [274/7000] 0 importes, 0 doublons
2026-04-18 19:30:58,693 -   [275/7000] 0 importes, 0 doublons
2026-04-18 19:30:59,535 -   [276/7000] 0 importes, 0 doublons
2026-04-18 19:31:00,453 -   [277/7000] 0 importes, 0 doublons
2026-04-18 19:31:01,282 -   [278/7000] 0 importes, 0 doublons
2026-04-18 19:31:02,142 -   [279/7000] 0 importes, 0 doublons
2026-04-18 19:31:03,031 -   [280/7000] 0 importes, 0 doublons
2026-04-18 19:31:03,915 -   [281/7000] 0 importes, 0 doublons
2026-04-18 19:31:04,497 -   [282/7000] 0 importes, 0 doublons
2026-04-18 19:31:05,331 -   [283/7000] 0 importes, 0 doublons
2026-04-18 19:31:06,509 -   [284/7000] 0 importes, 0 doublons
2026-04-18 19:31:07,537 -   [285/7000] 0 importes, 0 doublons
2026-04-18 19:31:08,475 -   [286/7000] 0 importes, 0 doublons
2026-04-18 19:31:09,433 -   [287/7000] 0 importes, 0 doublons
2026-04-18 19:31:10,231 -   [288/7000] 0 importes, 0 doublons
2026-04-18 19:31:11,062 -   [289/7000] 0 importes, 0 doublons
2026-04-18 19:31:11,994 -   [290/7000] 0 importes, 0 doublons
2026-04-18 19:31:12,792 -   [291/7000] 0 importes, 0 doublons
2026-04-18 19:31:13,656 -   [292/7000] 0 importes, 0 doublons
2026-04-18 19:31:14,541 -   [293/7000] 0 importes, 0 doublons
2026-04-18 19:31:15,381 -   [294/7000] 0 importes, 0 doublons
2026-04-18 19:31:16,271 -   [295/7000] 0 importes, 0 doublons
2026-04-18 19:31:17,089 -   [296/7000] 0 importes, 0 doublons
2026-04-18 19:31:17,906 -   [297/7000] 0 importes, 0 doublons
2026-04-18 19:31:18,843 -   [298/7000] 0 importes, 0 doublons
2026-04-18 19:31:19,730 -   [299/7000] 0 importes, 0 doublons
2026-04-18 19:31:20,651 -   [300/7000] 0 importes, 0 doublons
2026-04-18 19:31:22,077 -   [301/7000] 0 importes, 0 doublons
2026-04-18 19:31:22,995 -   [302/7000] 0 importes, 0 doublons
2026-04-18 19:31:23,765 -   [303/7000] 0 importes, 0 doublons
2026-04-18 19:31:24,601 -   [304/7000] 0 importes, 0 doublons
2026-04-18 19:31:25,725 -   [305/7000] 0 importes, 0 doublons
2026-04-18 19:31:26,595 -   [306/7000] 0 importes, 0 doublons
2026-04-18 19:31:27,438 -   [307/7000] 0 importes, 0 doublons
2026-04-18 19:31:28,312 -   [308/7000] 0 importes, 0 doublons
2026-04-18 19:31:29,176 -   [309/7000] 0 importes, 0 doublons
2026-04-18 19:31:30,092 -   [310/7000] 0 importes, 0 doublons
2026-04-18 19:31:30,909 -   [311/7000] 0 importes, 0 doublons
2026-04-18 19:31:31,728 -   [312/7000] 0 importes, 0 doublons
2026-04-18 19:31:32,749 -   [313/7000] 0 importes, 0 doublons
2026-04-18 19:31:37,262 -   [314/7000] 0 importes, 0 doublons
2026-04-18 19:31:38,116 -   [315/7000] 0 importes, 0 doublons
2026-04-18 19:31:39,001 -   [316/7000] 0 importes, 0 doublons
2026-04-18 19:31:39,872 -   [317/7000] 0 importes, 0 doublons
2026-04-18 19:31:40,762 -   [318/7000] 0 importes, 0 doublons
2026-04-18 19:31:41,612 -   [319/7000] 0 importes, 0 doublons
2026-04-18 19:31:42,397 -   [320/7000] 0 importes, 0 doublons
2026-04-18 19:31:43,304 -   [321/7000] 0 importes, 0 doublons
2026-04-18 19:31:44,121 -   [322/7000] 0 importes, 0 doublons
2026-04-18 19:31:44,959 -   [323/7000] 0 importes, 0 doublons
2026-04-18 19:31:45,867 -   [324/7000] 0 importes, 0 doublons
2026-04-18 19:31:46,679 -   [325/7000] 0 importes, 0 doublons
2026-04-18 19:31:47,707 -   [326/7000] 0 importes, 0 doublons
2026-04-18 19:31:48,537 -   [327/7000] 0 importes, 0 doublons
2026-04-18 19:31:49,345 -   [328/7000] 0 importes, 0 doublons
2026-04-18 19:31:50,235 -   [329/7000] 0 importes, 0 doublons
2026-04-18 19:31:51,129 -   [330/7000] 0 importes, 0 doublons
2026-04-18 19:31:52,092 -   [331/7000] 0 importes, 0 doublons
2026-04-18 19:31:52,902 -   [332/7000] 0 importes, 0 doublons
2026-04-18 19:31:53,847 -   [333/7000] 0 importes, 0 doublons
2026-04-18 19:31:54,712 -   [334/7000] 0 importes, 0 doublons
2026-04-18 19:31:55,587 -   [335/7000] 0 importes, 0 doublons
2026-04-18 19:31:56,475 -   [336/7000] 0 importes, 0 doublons
2026-04-18 19:31:57,330 -   [337/7000] 0 importes, 0 doublons
2026-04-18 19:31:58,182 -   [338/7000] 0 importes, 0 doublons
2026-04-18 19:31:58,955 -   [339/7000] 0 importes, 0 doublons
2026-04-18 19:32:00,161 -   [340/7000] 0 importes, 0 doublons
2026-04-18 19:32:01,107 -   [341/7000] 0 importes, 0 doublons
2026-04-18 19:32:02,080 -   [342/7000] 0 importes, 0 doublons
2026-04-18 19:32:03,031 -   [343/7000] 0 importes, 0 doublons
2026-04-18 19:32:08,089 -   [344/7000] 0 importes, 0 doublons
2026-04-18 19:32:08,822 -   [345/7000] 0 importes, 0 doublons
2026-04-18 19:32:09,578 -   [346/7000] 0 importes, 0 doublons
2026-04-18 19:32:10,565 -   [347/7000] 0 importes, 0 doublons
2026-04-18 19:32:11,355 -   [348/7000] 0 importes, 0 doublons
2026-04-18 19:32:12,253 -   [349/7000] 0 importes, 0 doublons
2026-04-18 19:32:13,113 -   [350/7000] 0 importes, 0 doublons
2026-04-18 19:32:14,485 -   [351/7000] 0 importes, 0 doublons
2026-04-18 19:32:15,324 -   [352/7000] 0 importes, 0 doublons
2026-04-18 19:32:16,167 -   [353/7000] 0 importes, 0 doublons
2026-04-18 19:32:17,071 -   [354/7000] 0 importes, 0 doublons
2026-04-18 19:32:17,884 -   [355/7000] 0 importes, 0 doublons
2026-04-18 19:32:18,513 -   [356/7000] 0 importes, 0 doublons
2026-04-18 19:32:19,393 -   [357/7000] 0 importes, 0 doublons
2026-04-18 19:32:22,075 -   [358/7000] 0 importes, 0 doublons
2026-04-18 19:32:22,963 -   [359/7000] 0 importes, 0 doublons
2026-04-18 19:32:23,806 -   [360/7000] 0 importes, 0 doublons
2026-04-18 19:32:24,664 -   [361/7000] 0 importes, 0 doublons
2026-04-18 19:32:25,595 -   [362/7000] 0 importes, 0 doublons
2026-04-18 19:32:26,493 -   [363/7000] 0 importes, 0 doublons
2026-04-18 19:32:27,346 -   [364/7000] 0 importes, 0 doublons
2026-04-18 19:32:28,313 -   [365/7000] 0 importes, 0 doublons
2026-04-18 19:32:29,220 -   [366/7000] 0 importes, 0 doublons
2026-04-18 19:32:30,052 -   [367/7000] 0 importes, 0 doublons
2026-04-18 19:32:30,916 -   [368/7000] 0 importes, 0 doublons
2026-04-18 19:32:31,827 -   [369/7000] 0 importes, 0 doublons
2026-04-18 19:32:32,802 -   [370/7000] 0 importes, 0 doublons
2026-04-18 19:32:33,755 -   [371/7000] 0 importes, 0 doublons
2026-04-18 19:32:34,563 -   [372/7000] 0 importes, 0 doublons
2026-04-18 19:32:35,253 -   [373/7000] 0 importes, 0 doublons
2026-04-18 19:32:36,143 -   [374/7000] 0 importes, 0 doublons
2026-04-18 19:32:37,013 -   [375/7000] 0 importes, 0 doublons
2026-04-18 19:32:37,833 -   [376/7000] 0 importes, 0 doublons
2026-04-18 19:32:38,720 -   [377/7000] 0 importes, 0 doublons
2026-04-18 19:32:39,978 -   [378/7000] 0 importes, 0 doublons
2026-04-18 19:32:40,824 -   [379/7000] 0 importes, 0 doublons
2026-04-18 19:32:41,716 -   [380/7000] 0 importes, 0 doublons
2026-04-18 19:32:42,708 -   [381/7000] 0 importes, 0 doublons
2026-04-18 19:32:43,881 -   [382/7000] 0 importes, 0 doublons
2026-04-18 19:32:44,740 -   [383/7000] 0 importes, 0 doublons
2026-04-18 19:32:46,074 -   [384/7000] 0 importes, 0 doublons
2026-04-18 19:32:46,986 -   [385/7000] 0 importes, 0 doublons
2026-04-18 19:32:47,819 -   [386/7000] 0 importes, 0 doublons
2026-04-18 19:32:49,584 -   [387/7000] 0 importes, 0 doublons
2026-04-18 19:32:50,423 -   [388/7000] 0 importes, 0 doublons
2026-04-18 19:32:51,360 -   [389/7000] 0 importes, 0 doublons
2026-04-18 19:32:52,248 -   [390/7000] 0 importes, 0 doublons
2026-04-18 19:32:53,088 -   [391/7000] 0 importes, 0 doublons
2026-04-18 19:32:54,136 -   [392/7000] 0 importes, 0 doublons
2026-04-18 19:32:55,195 -   [393/7000] 0 importes, 0 doublons
2026-04-18 19:32:56,155 -   [394/7000] 0 importes, 0 doublons
2026-04-18 19:32:57,296 -   [395/7000] 0 importes, 0 doublons
2026-04-18 19:32:58,282 -   [396/7000] 0 importes, 0 doublons
2026-04-18 19:32:59,134 -   [397/7000] 0 importes, 0 doublons
2026-04-18 19:33:00,049 -   [398/7000] 0 importes, 0 doublons
2026-04-18 19:33:01,028 -   [399/7000] 0 importes, 0 doublons
2026-04-18 19:33:02,088 -   [400/7000] 0 importes, 0 doublons
