2026-04-18 19:23:05,338 - INFO - 
============================================================
2026-04-18 19:23:05,341 - INFO - ============================================================
2026-04-18 19:23:54,514 - INFO -    Traités: 0
2026-04-18 19:23:54,515 - INFO -    Importés: 0
2026-04-18 19:23:54,515 - INFO -    Doublons: 0
2026-04-18 19:23:54,515 - INFO -    Erreurs: 0
2026-04-18 19:23:54,530 - INFO -    Base totale: 87,337 hadiths
2026-04-18 19:23:54,531 - INFO - 
============================================================
2026-04-18 19:23:54,535 - INFO - ============================================================
2026-04-18 19:24:10,790 - INFO -    Traités: 0
2026-04-18 19:24:10,791 - INFO -    Importés: 0
2026-04-18 19:24:10,792 - INFO -    Doublons: 0
2026-04-18 19:24:10,792 - INFO -    Erreurs: 0
2026-04-18 19:24:10,803 - INFO -    Base totale: 87,337 hadiths
2026-04-18 19:24:10,803 - INFO - 
============================================================
2026-04-18 19:24:10,808 - INFO - ============================================================
2026-04-18 19:24:19,483 - INFO -    Traités: 0
2026-04-18 19:24:19,483 - INFO -    Importés: 0
2026-04-18 19:24:19,483 - INFO -    Doublons: 0
2026-04-18 19:24:19,483 - INFO -    Erreurs: 0
2026-04-18 19:24:19,490 - INFO -    Base totale: 87,337 hadiths
2026-04-18 19:24:19,490 - INFO - 
============================================================
2026-04-18 19:24:19,492 - INFO - ============================================================
2026-04-18 19:24:19,515 - INFO - ============================================================
