2026-04-18 04:41:28,567 | INFO | ================================================================================
2026-04-18 04:41:28,567 | INFO | DÉMARRAGE HARVESTER MASSIF AL-MĪZĀN v5.0
2026-04-18 04:41:28,567 | INFO | ================================================================================
2026-04-18 04:41:28,569 | INFO | START_COLLECTION | صحيح البخاري
2026-04-18 04:41:28,569 | INFO | DÉBUT COLLECTION | صحيح البخاري
2026-04-18 04:41:29,398 | ERROR | EXCEPTION | صحيح البخاري | page=1 | 'str' object has no attribute 'get'
2026-04-18 04:41:32,128 | ERROR | EXCEPTION | صحيح البخاري | page=1 | 'str' object has no attribute 'get'
2026-04-18 04:41:34,698 | ERROR | EXCEPTION | صحيح البخاري | page=1 | 'str' object has no attribute 'get'
2026-04-18 04:41:37,428 | ERROR | EXCEPTION | صحيح البخاري | page=1 | 'str' object has no attribute 'get'
2026-04-18 04:41:40,146 | ERROR | EXCEPTION | صحيح البخاري | page=1 | 'str' object has no attribute 'get'
2026-04-18 04:41:42,707 | ERROR | EXCEPTION | صحيح البخاري | page=1 | 'str' object has no attribute 'get'
2026-04-18 04:41:45,581 | ERROR | EXCEPTION | صحيح البخاري | page=1 | 'str' object has no attribute 'get'
2026-04-18 04:41:48,315 | ERROR | EXCEPTION | صحيح البخاري | page=1 | 'str' object has no attribute 'get'
2026-04-18 04:41:51,176 | ERROR | EXCEPTION | صحيح البخاري | page=1 | 'str' object has no attribute 'get'
2026-04-18 04:41:53,903 | ERROR | EXCEPTION | صحيح البخاري | page=1 | 'str' object has no attribute 'get'
2026-04-18 04:41:56,770 | ERROR | EXCEPTION | صحيح البخاري | page=1 | 'str' object has no attribute 'get'
2026-04-18 04:41:59,655 | ERROR | EXCEPTION | صحيح البخاري | page=1 | 'str' object has no attribute 'get'
2026-04-18 04:42:02,536 | ERROR | EXCEPTION | صحيح البخاري | page=1 | 'str' object has no attribute 'get'
2026-04-18 04:42:05,417 | ERROR | EXCEPTION | صحيح البخاري | page=1 | 'str' object has no attribute 'get'
2026-04-18 04:42:07,946 | ERROR | EXCEPTION | صحيح البخاري | page=1 | 'str' object has no attribute 'get'
2026-04-18 04:42:10,685 | ERROR | EXCEPTION | صحيح البخاري | page=1 | 'str' object has no attribute 'get'
2026-04-18 04:42:13,435 | ERROR | EXCEPTION | صحيح البخاري | page=1 | 'str' object has no attribute 'get'
2026-04-18 04:42:16,455 | ERROR | EXCEPTION | صحيح البخاري | page=1 | 'str' object has no attribute 'get'
2026-04-18 04:42:19,337 | ERROR | EXCEPTION | صحيح البخاري | page=1 | 'str' object has no attribute 'get'
2026-04-18 04:42:22,218 | ERROR | EXCEPTION | صحيح البخاري | page=1 | 'str' object has no attribute 'get'
2026-04-18 04:42:25,096 | ERROR | EXCEPTION | صحيح البخاري | page=1 | 'str' object has no attribute 'get'
2026-04-18 04:42:27,660 | ERROR | EXCEPTION | صحيح البخاري | page=1 | 'str' object has no attribute 'get'
2026-04-18 04:42:30,356 | ERROR | EXCEPTION | صحيح البخاري | page=1 | 'str' object has no attribute 'get'
2026-04-18 04:42:33,074 | ERROR | EXCEPTION | صحيح البخاري | page=1 | 'str' object has no attribute 'get'
2026-04-18 04:42:35,824 | ERROR | EXCEPTION | صحيح البخاري | page=1 | 'str' object has no attribute 'get'
2026-04-18 04:42:38,504 | ERROR | EXCEPTION | صحيح البخاري | page=1 | 'str' object has no attribute 'get'
2026-04-18 04:42:41,416 | ERROR | EXCEPTION | صحيح البخاري | page=1 | 'str' object has no attribute 'get'
2026-04-18 04:42:44,144 | ERROR | EXCEPTION | صحيح البخاري | page=1 | 'str' object has no attribute 'get'
2026-04-18 04:42:46,755 | ERROR | EXCEPTION | صحيح البخاري | page=1 | 'str' object has no attribute 'get'
2026-04-18 04:42:49,735 | ERROR | EXCEPTION | صحيح البخاري | page=1 | 'str' object has no attribute 'get'
2026-04-18 04:42:52,267 | ERROR | EXCEPTION | صحيح البخاري | page=1 | 'str' object has no attribute 'get'
2026-04-18 04:42:55,023 | ERROR | EXCEPTION | صحيح البخاري | page=1 | 'str' object has no attribute 'get'
2026-04-18 04:42:57,748 | ERROR | EXCEPTION | صحيح البخاري | page=1 | 'str' object has no attribute 'get'
2026-04-18 04:43:00,613 | ERROR | EXCEPTION | صحيح البخاري | page=1 | 'str' object has no attribute 'get'
2026-04-18 04:43:03,360 | ERROR | EXCEPTION | صحيح البخاري | page=1 | 'str' object has no attribute 'get'
2026-04-18 04:43:06,216 | ERROR | EXCEPTION | صحيح البخاري | page=1 | 'str' object has no attribute 'get'
2026-04-18 04:43:09,094 | ERROR | EXCEPTION | صحيح البخاري | page=1 | 'str' object has no attribute 'get'
2026-04-18 04:43:11,831 | ERROR | EXCEPTION | صحيح البخاري | page=1 | 'str' object has no attribute 'get'
2026-04-18 04:43:14,696 | ERROR | EXCEPTION | صحيح البخاري | page=1 | 'str' object has no attribute 'get'
2026-04-18 04:43:17,389 | ERROR | EXCEPTION | صحيح البخاري | page=1 | 'str' object has no attribute 'get'
2026-04-18 04:43:20,136 | ERROR | EXCEPTION | صحيح البخاري | page=1 | 'str' object has no attribute 'get'
2026-04-18 04:43:22,737 | ERROR | EXCEPTION | صحيح البخاري | page=1 | 'str' object has no attribute 'get'
2026-04-18 04:43:25,734 | ERROR | EXCEPTION | صحيح البخاري | page=1 | 'str' object has no attribute 'get'
2026-04-18 04:43:28,321 | ERROR | EXCEPTION | صحيح البخاري | page=1 | 'str' object has no attribute 'get'
2026-04-18 04:43:30,871 | ERROR | EXCEPTION | صحيح البخاري | page=1 | 'str' object has no attribute 'get'
2026-04-18 04:43:33,759 | ERROR | EXCEPTION | صحيح البخاري | page=1 | 'str' object has no attribute 'get'
2026-04-18 04:43:36,454 | ERROR | EXCEPTION | صحيح البخاري | page=1 | 'str' object has no attribute 'get'
2026-04-18 04:43:39,337 | ERROR | EXCEPTION | صحيح البخاري | page=1 | 'str' object has no attribute 'get'
2026-04-18 04:43:42,066 | ERROR | EXCEPTION | صحيح البخاري | page=1 | 'str' object has no attribute 'get'
2026-04-18 04:43:44,750 | ERROR | EXCEPTION | صحيح البخاري | page=1 | 'str' object has no attribute 'get'
2026-04-18 04:43:47,392 | ERROR | EXCEPTION | صحيح البخاري | page=1 | 'str' object has no attribute 'get'
2026-04-18 04:43:50,078 | ERROR | EXCEPTION | صحيح البخاري | page=1 | 'str' object has no attribute 'get'
2026-04-18 04:43:53,099 | ERROR | EXCEPTION | صحيح البخاري | page=1 | 'str' object has no attribute 'get'
2026-04-18 04:43:55,656 | ERROR | EXCEPTION | صحيح البخاري | page=1 | 'str' object has no attribute 'get'
2026-04-18 04:43:58,264 | ERROR | EXCEPTION | صحيح البخاري | page=1 | 'str' object has no attribute 'get'
2026-04-18 04:44:00,872 | ERROR | EXCEPTION | صحيح البخاري | page=1 | 'str' object has no attribute 'get'
2026-04-18 04:44:03,428 | ERROR | EXCEPTION | صحيح البخاري | page=1 | 'str' object has no attribute 'get'
2026-04-18 04:44:05,929 | ERROR | EXCEPTION | صحيح البخاري | page=1 | 'str' object has no attribute 'get'
2026-04-18 04:44:08,620 | ERROR | EXCEPTION | صحيح البخاري | page=1 | 'str' object has no attribute 'get'
2026-04-18 04:44:11,154 | ERROR | EXCEPTION | صحيح البخاري | page=1 | 'str' object has no attribute 'get'
2026-04-18 04:44:13,663 | ERROR | EXCEPTION | صحيح البخاري | page=1 | 'str' object has no attribute 'get'
2026-04-18 04:44:16,192 | ERROR | EXCEPTION | صحيح البخاري | page=1 | 'str' object has no attribute 'get'
2026-04-18 04:44:19,176 | ERROR | EXCEPTION | صحيح البخاري | page=1 | 'str' object has no attribute 'get'
2026-04-18 04:44:21,899 | ERROR | EXCEPTION | صحيح البخاري | page=1 | 'str' object has no attribute 'get'
2026-04-18 04:44:24,622 | ERROR | EXCEPTION | صحيح البخاري | page=1 | 'str' object has no attribute 'get'
2026-04-18 04:44:27,348 | ERROR | EXCEPTION | صحيح البخاري | page=1 | 'str' object has no attribute 'get'
2026-04-18 04:44:30,217 | ERROR | EXCEPTION | صحيح البخاري | page=1 | 'str' object has no attribute 'get'
2026-04-18 04:44:33,095 | ERROR | EXCEPTION | صحيح البخاري | page=1 | 'str' object has no attribute 'get'
2026-04-18 04:44:35,977 | ERROR | EXCEPTION | صحيح البخاري | page=1 | 'str' object has no attribute 'get'
2026-04-18 04:44:38,857 | ERROR | EXCEPTION | صحيح البخاري | page=1 | 'str' object has no attribute 'get'
2026-04-18 04:44:41,738 | ERROR | EXCEPTION | صحيح البخاري | page=1 | 'str' object has no attribute 'get'
2026-04-18 04:44:44,617 | ERROR | EXCEPTION | صحيح البخاري | page=1 | 'str' object has no attribute 'get'
2026-04-18 04:44:47,190 | ERROR | EXCEPTION | صحيح البخاري | page=1 | 'str' object has no attribute 'get'
2026-04-18 04:44:49,729 | ERROR | EXCEPTION | صحيح البخاري | page=1 | 'str' object has no attribute 'get'
2026-04-18 04:44:52,459 | ERROR | EXCEPTION | صحيح البخاري | page=1 | 'str' object has no attribute 'get'
2026-04-18 04:44:55,337 | ERROR | EXCEPTION | صحيح البخاري | page=1 | 'str' object has no attribute 'get'
2026-04-18 04:44:58,050 | ERROR | EXCEPTION | صحيح البخاري | page=1 | 'str' object has no attribute 'get'
2026-04-18 04:45:00,938 | ERROR | EXCEPTION | صحيح البخاري | page=1 | 'str' object has no attribute 'get'
2026-04-18 04:45:03,524 | ERROR | EXCEPTION | صحيح البخاري | page=1 | 'str' object has no attribute 'get'
2026-04-18 04:45:06,199 | ERROR | EXCEPTION | صحيح البخاري | page=1 | 'str' object has no attribute 'get'
2026-04-18 04:45:08,938 | ERROR | EXCEPTION | صحيح البخاري | page=1 | 'str' object has no attribute 'get'
2026-04-18 04:45:11,825 | ERROR | EXCEPTION | صحيح البخاري | page=1 | 'str' object has no attribute 'get'
2026-04-18 04:45:14,518 | ERROR | EXCEPTION | صحيح البخاري | page=1 | 'str' object has no attribute 'get'
2026-04-18 04:45:17,271 | ERROR | EXCEPTION | صحيح البخاري | page=1 | 'str' object has no attribute 'get'
2026-04-18 04:45:19,956 | ERROR | EXCEPTION | صحيح البخاري | page=1 | 'str' object has no attribute 'get'
2026-04-18 04:45:22,651 | ERROR | EXCEPTION | صحيح البخاري | page=1 | 'str' object has no attribute 'get'
2026-04-18 04:45:25,398 | ERROR | EXCEPTION | صحيح البخاري | page=1 | 'str' object has no attribute 'get'
2026-04-18 04:45:28,060 | ERROR | EXCEPTION | صحيح البخاري | page=1 | 'str' object has no attribute 'get'
2026-04-18 04:45:30,858 | ERROR | EXCEPTION | صحيح البخاري | page=1 | 'str' object has no attribute 'get'
2026-04-18 04:45:33,752 | ERROR | EXCEPTION | صحيح البخاري | page=1 | 'str' object has no attribute 'get'
2026-04-18 04:45:36,462 | ERROR | EXCEPTION | صحيح البخاري | page=1 | 'str' object has no attribute 'get'
2026-04-18 04:45:39,185 | ERROR | EXCEPTION | صحيح البخاري | page=1 | 'str' object has no attribute 'get'
2026-04-18 04:45:41,791 | ERROR | EXCEPTION | صحيح البخاري | page=1 | 'str' object has no attribute 'get'
2026-04-18 04:45:44,334 | ERROR | EXCEPTION | صحيح البخاري | page=1 | 'str' object has no attribute 'get'
2026-04-18 04:45:47,023 | ERROR | EXCEPTION | صحيح البخاري | page=1 | 'str' object has no attribute 'get'
2026-04-18 04:45:49,580 | ERROR | EXCEPTION | صحيح البخاري | page=1 | 'str' object has no attribute 'get'
2026-04-18 04:45:52,433 | ERROR | EXCEPTION | صحيح البخاري | page=1 | 'str' object has no attribute 'get'
2026-04-18 04:45:55,086 | ERROR | EXCEPTION | صحيح البخاري | page=1 | 'str' object has no attribute 'get'
2026-04-18 04:45:57,625 | ERROR | EXCEPTION | صحيح البخاري | page=1 | 'str' object has no attribute 'get'
2026-04-18 04:46:00,449 | ERROR | EXCEPTION | صحيح البخاري | page=1 | 'str' object has no attribute 'get'
2026-04-18 04:46:03,143 | ERROR | EXCEPTION | صحيح البخاري | page=1 | 'str' object has no attribute 'get'
2026-04-18 04:46:05,874 | ERROR | EXCEPTION | صحيح البخاري | page=1 | 'str' object has no attribute 'get'
2026-04-18 04:46:08,629 | ERROR | EXCEPTION | صحيح البخاري | page=1 | 'str' object has no attribute 'get'
2026-04-18 04:46:11,371 | ERROR | EXCEPTION | صحيح البخاري | page=1 | 'str' object has no attribute 'get'
2026-04-18 04:46:13,916 | ERROR | EXCEPTION | صحيح البخاري | page=1 | 'str' object has no attribute 'get'
2026-04-18 04:46:16,782 | ERROR | EXCEPTION | صحيح البخاري | page=1 | 'str' object has no attribute 'get'
2026-04-18 04:46:19,472 | ERROR | EXCEPTION | صحيح البخاري | page=1 | 'str' object has no attribute 'get'
2026-04-18 04:46:22,202 | ERROR | EXCEPTION | صحيح البخاري | page=1 | 'str' object has no attribute 'get'
2026-04-18 04:46:24,838 | ERROR | EXCEPTION | صحيح البخاري | page=1 | 'str' object has no attribute 'get'
2026-04-18 04:46:27,394 | ERROR | EXCEPTION | صحيح البخاري | page=1 | 'str' object has no attribute 'get'
2026-04-18 17:59:36,862 | INFO | ================================================================================
2026-04-18 17:59:36,863 | INFO | DÉMARRAGE HARVESTER MASSIF AL-MĪZĀN v5.0
2026-04-18 17:59:36,863 | INFO | ================================================================================
