2026-04-18 19:29:13,797 - DEMARRAGE ULTIMATE MULTI-SOURCE HARVESTER
2026-04-18 19:29:13,805 - Base actuelle: 87,337 hadiths
2026-04-18 19:29:13,805 - 
=== HADITH GADING ===
2026-04-18 19:29:28,626 - HADITH GADING: 0 hadiths
2026-04-18 19:29:28,626 - 
=== SUNNAH.COM ===
2026-04-18 19:29:35,136 - SUNNAH.COM: 0 hadiths
2026-04-18 19:29:35,137 - 
=== HADEETHENC ===
2026-04-18 19:29:49,355 - HADEETHENC: 0 hadiths
2026-04-18 19:29:49,357 - 
============================================================
2026-04-18 19:29:49,357 - RAPPORT FINAL MULTI-SOURCE
2026-04-18 19:29:49,357 - ============================================================
2026-04-18 19:29:49,358 - Hadiths importes: 0
2026-04-18 19:29:49,358 - Doublons evites: 0
2026-04-18 19:29:49,359 - Erreurs: 0
2026-04-18 19:29:49,368 - Base totale: 87,337 hadiths
2026-04-18 19:29:49,368 - ============================================================
