2026-04-18 18:59:32,039 - INFO - ================================================================================
2026-04-18 18:59:32,050 - INFO - MODE AUTONOME TOTAL - JAMAIS D'ARRÊT
2026-04-18 18:59:32,051 - INFO - ================================================================================
2026-04-18 18:59:32,093 - INFO - 
================================================================================
2026-04-18 18:59:32,094 - INFO - PHASE 1: HADITH GADING API - EXTRACTION COMPLÈTE
2026-04-18 18:59:32,094 - INFO - ================================================================================
2026-04-18 18:59:32,095 - INFO - ================================================================================
2026-04-18 18:59:32,102 - INFO - ================================================================================
2026-04-18 19:02:31,016 - INFO - ================================================================================
2026-04-18 19:02:31,020 - INFO - MODE AUTONOME TOTAL - JAMAIS D'ARRÊT
2026-04-18 19:02:31,020 - INFO - ================================================================================
2026-04-18 19:02:31,034 - INFO - 
================================================================================
2026-04-18 19:02:31,035 - INFO - PHASE 1: HADITH GADING API - EXTRACTION COMPLÈTE
2026-04-18 19:02:31,035 - INFO - ================================================================================
2026-04-18 19:02:31,035 - INFO - ================================================================================
2026-04-18 19:02:31,037 - INFO - ================================================================================
2026-04-18 21:24:28,743 - INFO - 
================================================================================
2026-04-18 21:24:28,744 - INFO - PHASE 2: SUNNAH.COM API - EXTRACTION COMPLÈTE
2026-04-18 21:24:28,744 - INFO - ================================================================================
2026-04-18 21:24:28,744 - INFO - ================================================================================
2026-04-18 21:24:28,746 - INFO - ================================================================================
2026-04-18 21:24:29,127 - INFO - 
================================================================================
2026-04-18 21:24:29,127 - INFO - PHASE 2: SUNNAH.COM API - EXTRACTION COMPLÈTE
2026-04-18 21:24:29,128 - INFO - ================================================================================
2026-04-18 21:24:29,128 - INFO - ================================================================================
2026-04-18 21:24:29,130 - INFO - ================================================================================
2026-04-18 21:25:26,903 - INFO - 
================================================================================
2026-04-18 21:25:26,903 - INFO - PHASE 3: HADEETHENC.COM - EXTRACTION MASSIVE
2026-04-18 21:25:26,903 - INFO - ================================================================================
2026-04-18 21:25:26,903 - INFO - ================================================================================
2026-04-18 21:25:26,905 - INFO - ================================================================================
2026-04-18 21:25:27,274 - INFO - 
================================================================================
2026-04-18 21:25:27,275 - INFO - PHASE 3: HADEETHENC.COM - EXTRACTION MASSIVE
2026-04-18 21:25:27,275 - INFO - ================================================================================
2026-04-18 21:25:27,275 - INFO - ================================================================================
2026-04-18 21:25:27,278 - INFO - ================================================================================
